1741637653739:login
1741637690195:login null
1741637939818:userinfo
1741637957840:userinfo null
1741638304822:login null
1741638423307:userinfo
1741638427782:userinfo none
1741638531099:login null
1741638572975:userinfo
1741638874946:login null
1741638901701:userinfo
1741639024836:login null
1741639051038:userinfo
1741639213256:login null
1741639236037:userinfo
1741639373825:login null
1741698171403:login
1741717330161:exit
1741895966206:login
1741901762077:activity-log
1741901772877:act-logs
1741901789861:task-list
1741901823878:login
1741902408073:stacktrace
1741902451698:login
1741957749773:help
1741957759372:login
1742074876977:help
1742075017217:version
1742219695093:login
1742219714287:logout
1742219752752:help
1742219889403:login
1742219988081:logout
1742220073245:exit
1742220098908:login
1742220849287:delete
1742220866702:help
1742220886296:login
1742220913613:delete
1742221380126:login
1742221427925:delete
1742221493906:login
1742221516150:delete
1742221675498:login
1742221725818:delete
1742221760712:delte
1742221763513:delete
1742221781722:login
1742221793944:delete
1742221866045:stacktrace
1742221986322:login
1742222042252:delete
1742222193731:login
1742222206050:delete
1742222301030:login
1742222394780:delete
1742217475852:login
